<?xml version="1.0" encoding="UTF-8"?>
<!-- Generated by org.testng.reporters.JUnitReportReporter -->
<testsuite hostname="DESKTOP-UNHJLHT" failures="0" tests="1" name="com.qa.testscripts.TC_RediffAlerts_001" time="5.617" errors="0" timestamp="2022-03-21T19:05:47 PST" skipped="0">
  <testcase classname="com.qa.testscripts.TC_RediffAlerts_001" name="LoginAction" time="5.617"/>
  <system-out>
    <![CDATA[User is on the log in page
Please enter a valid user name
The checkbox is checked by default]]>
  </system-out>
</testsuite> <!-- com.qa.testscripts.TC_RediffAlerts_001 -->
