<?xml version="1.0" encoding="UTF-8"?>
<!-- Generated by org.testng.reporters.JUnitReportReporter -->
<testsuite hostname="DESKTOP-UNHJLHT" failures="0" tests="5" name="com.qa.testscripts.TC_Amazon_003" time="39.297" errors="0" timestamp="2022-03-23T00:46:55 PST" skipped="1">
  <testcase classname="com.qa.testscripts.TC_Amazon_003" name="searchItem" time="9.291"/>
  <system-out>
    <![CDATA[Title has the search term
BLUEWUD Noel Engineered Wood Rectangular Shape Coffee Table/Centre Table with Storage (Wenge)]]>
  </system-out>
  <testcase classname="com.qa.testscripts.TC_Amazon_003" name="searchItem" time="10.318"/>
  <system-out>
    <![CDATA[Title has the search term
Samsung Galaxy M12 (Black,6GB RAM, 128GB Storage) 6 Months Free Screen Replacement for Prime
vivo Y15s Mystic Blue (3GB RAM & 32GB ROM) with No Cost EMI/Additional Exchange Offers
OPPO A31 (Fantasy White, 6GB RAM, 128GB Storage) with No Cost EMI/Additional Exchange Offers
OPPO A31 (Mystery Black, 6GB RAM, 128GB Storage) with No Cost EMI/Additional Exchange Offers
realme narzo 50A (Oxygen Blue , 4GB RAM + 128 GB Storage) Helio G85 Processor | 50MP AI Triple Camera | 6000 mAh Battery
Ringke [Dashboard Car Mount] Convertible Cell Phone Holder [2 in 1 Pack] Magnetic and Cradle Type Strong Suction Pad Magnetic Holder for Smartphone, Tablet, iPad and Other Devices [Car Accessories]
Redmi 9A (Nature Green, 3GB Ram, 32GB Storage) | 2GHz Octa-core Helio G25 Processor
Redmi Note 11 (Space Black, 6GB RAM, 64GB Storage) | 90Hz FHD+ AMOLED Display | Qualcomm® Snapdragon™ 680-6nm | Alexa Built-in
Redmi Note 11 (Horizon Blue, 6GB RAM, 64GB Storage)|90Hz FHD+ AMOLED Display | Qualcomm® Snapdragon™ 680-6nm | Alexa Built-in
Samsung Galaxy M12 (Blue,4GB RAM, 64GB Storage) 6000 mAh with 8nm Processor | True 48 MP Quad Camera | 90Hz Refresh Rate
Redmi 9 Activ (Coral Green, 4GB RAM, 64GB Storage)
Jio Phone Next 32 GB ROM, 2 GB RAM, Blue Smartphone
Samsung Galaxy M32 5G (Sky Blue, 6GB RAM, 128GB Storage)
Samsung Galaxy M12 (Black,4GB RAM, 64GB Storage) 6000 mAh with 8nm Processor | True 48 MP Quad Camera | 90Hz Refresh Rate
Redmi 9A (Sea Blue 3GB RAM 32GB Storage)| 2GHz Octa-core Helio G25 Processor | 5000 mAh Battery
Samsung Galaxy S21 FE 5G (Lavender, 8GB, 128GB Storage)
Samsung Galaxy A03s (Blue, 3GB RAM, 32GB Storage) with No Cost EMI/Additional Exchange Offers
OPPO A74 5G (Fantastic Purple,6GB RAM,128GB Storage) with No Cost EMI/Additional Exchange Offers
Redmi 9A(Midnight Black 3GB RAM 32GB Storage) | 2GHz Octa-core Helio G25 Processor | 5000 mAh Battery
Samsung Galaxy M12 (Blue,6GB RAM, 128GB Storage) 6 Months Free Screen Replacement for Prime
Samsung Galaxy M32 (Black, 6GB RAM, 128GB Storage) 6 Months Free Screen Replacement for Prime
OnePlus Nord 2 5G (Gray Sierra, 8GB RAM, 128GB Storage)
Samsung Galaxy M32 5G (Slate Black, 6GB RAM, 128GB Storage)
Samsung Galaxy M12 (White,4GB RAM, 64GB Storage) 6000 mAh with 8nm Processor | True 48 MP Quad Camera | 90Hz Refresh Rate
Samsung Galaxy M12 (Black,6GB RAM, 128GB Storage) 6 Months Free Screen Replacement for Prime
Nokia 105 Single SIM (Black)
Redmi 10 (Prime Phantom Black 6GB RAM 128GB ROM |Helio G88 with extendable RAM Upto 2GB |FHD+ 90Hz Adaptive Sync Display)
Lava <Special Launch Price> X2 (2GB RAM, 32GB Storage)-Striped Cyan| Long Lasting 5000 mAh Battery| High Performance Octa Core Processor| Big 6.5 inch Display HD+IPS Notch Display
Nokia 150 (2020) (Black)
I KALL Z3 Smartphone (4GB, 32GB, 4G Volte) (6 Inch IPS Display, Dual Sim) (Purple)
I KALL Z1 Smartphone (Blue, 5.5 Inch, 4GB, 32G) | 4G Volte | Android 8.1]]>
  </system-out>
  <testcase classname="com.qa.testscripts.TC_Amazon_003" name="searchItem" time="9.843"/>
  <system-out>
    <![CDATA[Title has the search term
AmazonBasics 6.5 kg Fully-Automatic Top Load Washing Machine (Grey/Black, Full Metal body, LED Display)
AmazonBasics 8 kg Semi-automatic Washing Machine (with Heavy wash function, White/Blue color)
Samsung 6.5 kg Fully-Automatic Top Loading Washing Machine (WA65A4002VS/TL, Imperial Silver, Center Jet Pulsator)
Whirlpool 7 Kg 5 Star Semi-Automatic Top Loading Washing Machine (SUPERB ATOM 7.0, Grey Dazzle, TurboScrub Technology)
Croma 6.5 kg Semi Automatic Top Load Washing Machine (CRAW2221, White)
Panasonic Econavi 8 Kg 5 Star Built-In Heater Fully-Automatic Top Loading Washing Machine (NA-F80V9LRB, Silver, Stain Master+)
Whirlpool 7 Kg 5 Star Royal Fully-Automatic Top Loading Washing Machine (WHITEMAGIC ROYAL 7.0 GENX, Grey, Hard Water Wash)
LG 8 Kg 5 Star Semi-Automatic Top Loading Washing Machine (P8030SRAZ, Burgundy, Collar Scrubber)
Samsung 6.5 Kg 5 Star Inverter Fully-Automatic Top Loading Washing Machine (WA65T4262GG/TL, Light Grey, Wobble technology)
Panasonic 6.5 kg 5 Star Semi-Automatic Top Loading Washing Machine (NA-W65E5ARB, Blue, Powerful Motor)
LG 6.5 Kg 5 Star Smart Inverter Fully-Automatic Top Loading Washing Machine (T65SKSF4Z, Middle Free Silver)
Samsung 6.0 Kg Inverter 5 Star Fully-Automatic Front Loading Washing Machine (WW60R20GLMA/TL, White, Hygiene Steam)
Panasonic 6 Kg 5 Star Fully-Automatic Top Loading Washing Machine (NA-F60LF1HRB, Grey)
Whirlpool 7.5 Kg 5 Star Semi-Automatic Top Loading Washing Machine (ACE 7.5 SUPREME, Grey Dazzle)
Onida 6.5 kg Top Loading Washer Only (WS65WLPT1LR Liliput, Lava Red)
AmazonBasics 6 Place Setting Dishwasher (2021, Silver)
Samsung 6.0 Kg Inverter 5 Star Fully-Automatic Front Loading Washing Machine (WW60R20GLMA/TL, White, Hygiene Steam)
Whirlpool 6 Kg 5 Star Semi-Automatic Top Loading Washing Machine (SUPERB ATOM 60I, Grey Dazzle)
Samsung 7 Kg 5 Star Inverter Fully-Automatic Top Loading Washing Machine (WA70T4262GS/TL, Imperial Silver, Wobble technology)
Whirlpool 6 Kg 5 Star Royal Fully-Automatic Top Loading Washing Machine (WHITEMAGIC ROYAL 6.0 GENX, Satin Grey, Hard Water Wash)
Whirlpool 6.5 Kg 5 Star Royal Fully-Automatic Top Loading Washing Machine (WHITEMAGIC ROYAL 6.5 GENX, Grey, Hard Water Wash)
Godrej 6.2 Kg Fully-Automatic Top Loading Washing Machine (WT EON 620 A Gp Gr, Grey)
Samsung 7.2 kg Semi-Automatic Top Loading Washing Machine (WT725QPNDMP, White and Blue, Center Jet Pulsator)
LG 7.5 Kg 5 Star Semi-Automatic Top Loading Washing Machine (P7515SRAZ, Burgundy, Roller Jet Pulsator), Large
AmazonBasics 6.5 kg Fully-Automatic Top Load Washing Machine (Grey/Black, Full Metal body, LED Display)
Amazon Basics 6 Kg Fully Automatic Top Loading Washing machine
LG 7 kg 5 Star Inverter Fully-Automatic Top Loading Washing Machine (T70SKSF1Z, Middle Free Silver, TurboDrum)
Whirlpool 7 Kg 5 Star Royal Plus Fully-Automatic Top Loading Washing Machine (WHITEMAGIC ROYAL PLUS 7.0, Grey, Hard Water Wash)
Whirlpool 7.5 Kg Fully-Automatic Top Loading Washing Machine with In-built heater (Stainwash Ultra SC 10 YMW, Grey, Hard Water Wash)
Amazon Basics 6 Kg Fully Automatic Top Loading Washing machine
Samsung 6.0 Kg Inverter 5 star Fully-Automatic Front Loading Washing Machine (WW60R20GLSS/TL, Silver, Hygiene steam)]]>
  </system-out>
  <testcase classname="com.qa.testscripts.TC_Amazon_003" name="searchItem" time="9.845"/>
  <system-out>
    <![CDATA[Title has the search term
I Am Invincible, Thirteen True Tales of Courage, Grit, & Survival
The Prophet
The Da Vinci Code: (Robert Langdon Book 2)
The Da Vinci Code (Abridged Edition)
DA VINCI CODE
The Da Vinci Code: A Novel: 2 (Robert Langdon)
The Da Vinci Code: (Robert Langdon Book 2)+Angels and Demons: (Robert Langdon Book 1)+Digital Fortress(Set of 3books)
The Da Vinci Code
Davinci Code
The Da Vinci Code
Pandit Vishnu Sharma's Panchatantra: Illustrated Tales From Ancient India (Hardback, Special edition)
World’s Greatest Classics (Box Set of 4 Books)
The Da Vinci Code: (Robert Langdon Book 2)+The Lost Symbol: (Robert Langdon Book 3)(Set of 2books)
The Da Vinci Code
The Da Vinci Code Revisited
The Da Vinci Code: Facts and Fallacies at the 92nd Street Y
The Da Vinci Code: The Background Explained
Fact and Fiction in "The Da Vinci Code"
Secrets of the Code: The Unauthorized Guide to the Mysteries Behind "The Da Vinci Code"
The Da Vinci Code: (Robert Langdon Book 2)+Angels and Demons: (Robert Langdon Book 1)+Deception Point(Set of 3books)
War & Peace
The Complete Grimms' Fairy Tales (Deluxe Hardbound Edition)]]>
  </system-out>
  <testcase classname="com.qa.testscripts.TC_Amazon_003" name="validateTitle">
    <skipped/>
  </testcase> <!-- validateTitle -->
  <system-out/>
</testsuite> <!-- com.qa.testscripts.TC_Amazon_003 -->
