<?xml version="1.0" encoding="UTF-8"?>
<!-- Generated by org.testng.reporters.JUnitReportReporter -->
<testsuite hostname="DESKTOP-UNHJLHT" failures="0" tests="2" name="com.qa.testscripts.TC_ScreenshotDemo_001" time="0.624" errors="0" timestamp="2022-03-21T18:13:19 PST" skipped="0">
  <testcase classname="com.qa.testscripts.TC_ScreenshotDemo_001" name="screenshotByDriver" time="0.531"/>
  <system-out/>
  <testcase classname="com.qa.testscripts.TC_ScreenshotDemo_001" name="screenshotByElement" time="0.093"/>
  <system-out/>
</testsuite> <!-- com.qa.testscripts.TC_ScreenshotDemo_001 -->
