<?xml version="1.0" encoding="UTF-8"?>
<!-- Generated by org.testng.reporters.JUnitReportReporter -->
<testsuite hostname="DESKTOP-UNHJLHT" failures="0" tests="5" name="com.qa.testscripts.TC_Amazon_003" time="38.766" errors="0" timestamp="2022-03-24T01:45:58 PST" skipped="1">
  <testcase classname="com.qa.testscripts.TC_Amazon_003" name="searchItem" time="9.148"/>
  <system-out>
    <![CDATA[Title has the search term
BLUEWUD Noel Engineered Wood Rectangular Shape Coffee Table/Centre Table with Storage (Wenge)]]>
  </system-out>
  <testcase classname="com.qa.testscripts.TC_Amazon_003" name="searchItem" time="10.715"/>
  <system-out>
    <![CDATA[Title has the search term
Samsung Galaxy M12 (Black,6GB RAM, 128GB Storage) 6 Months Free Screen Replacement for Prime
Samsung Galaxy M52 5G (ICY Blue, 8GB RAM, 128GB Storage) Latest Snapdragon 778G 5G | sAMOLED 120Hz Display
OPPO A31 (Fantasy White, 6GB RAM, 128GB Storage) with No Cost EMI/Additional Exchange Offers
OPPO A31 (Mystery Black, 6GB RAM, 128GB Storage) with No Cost EMI/Additional Exchange Offers
realme narzo 50A (Oxygen Blue , 4GB RAM + 128 GB Storage) Helio G85 Processor | 50MP AI Triple Camera | 6000 mAh Battery
Redmi Note 11 (Space Black, 6GB RAM, 64GB Storage) | 90Hz FHD+ AMOLED Display | Qualcomm® Snapdragon™ 680-6nm | Alexa Built-in
Redmi Note 11 (Horizon Blue, 6GB RAM, 64GB Storage)|90Hz FHD+ AMOLED Display | Qualcomm® Snapdragon™ 680-6nm | Alexa Built-in
Redmi 9A (Nature Green, 3GB Ram, 32GB Storage) | 2GHz Octa-core Helio G25 Processor
Samsung Galaxy M12 (Blue,4GB RAM, 64GB Storage) 6000 mAh with 8nm Processor | True 48 MP Quad Camera | 90Hz Refresh Rate
Samsung Galaxy M32 5G (Sky Blue, 6GB RAM, 128GB Storage)
Redmi 9A (Sea Blue 3GB RAM 32GB Storage)| 2GHz Octa-core Helio G25 Processor | 5000 mAh Battery
OPPO A74 5G (Fantastic Purple,6GB RAM,128GB Storage) with No Cost EMI/Additional Exchange Offers
Samsung Galaxy M12 (Black,4GB RAM, 64GB Storage) 6000 mAh with 8nm Processor | True 48 MP Quad Camera | 90Hz Refresh Rate
Redmi 9A(Midnight Black 3GB RAM 32GB Storage) | 2GHz Octa-core Helio G25 Processor | 5000 mAh Battery
Samsung Galaxy A03s (Blue, 3GB RAM, 32GB Storage) with No Cost EMI/Additional Exchange Offers
Samsung Galaxy S22 Ultra 5G (Burgundy, 12GB, 256GB Storage) + Samsung Galaxy Watch 4
Samsung Galaxy M12 (Blue,6GB RAM, 128GB Storage) 6 Months Free Screen Replacement for Prime
Samsung Galaxy M12 (Black,6GB RAM, 128GB Storage) 6 Months Free Screen Replacement for Prime
Samsung Galaxy M32 5G (Slate Black, 6GB RAM, 128GB Storage)
Jio Phone Next 32 GB ROM, 2 GB RAM, Blue Smartphone
OnePlus Nord 2 5G (Gray Sierra, 8GB RAM, 128GB Storage)
Samsung Galaxy M12 (White,4GB RAM, 64GB Storage) 6000 mAh with 8nm Processor | True 48 MP Quad Camera | 90Hz Refresh Rate
realme narzo 50A (Oxygen Blue , 4GB RAM + 64 GB Storage) Helio G85 Processor | 50MP AI Triple Camera | 6000 mAh Battery
OPPO A74 5G (Fluid Black, 6GB RAM, 128GB Storage) with No Cost EMI/Additional Exchange Offers
Nokia C01 Plus 4G, 5.45” HD+ Screen, Selfie Camera with Front Flash (Grey)
Nokia 105 Single SIM (Black)
Redmi 10 (Prime Phantom Black 6GB RAM 128GB ROM |Helio G88 with extendable RAM Upto 2GB |FHD+ 90Hz Adaptive Sync Display)
Nokia 150 (2020) (Black)]]>
  </system-out>
  <testcase classname="com.qa.testscripts.TC_Amazon_003" name="searchItem" time="9.489"/>
  <system-out>
    <![CDATA[Title has the search term
The Count of Monte Cristo
The Prophet
The Da Vinci Code: (Robert Langdon Book 2)
The Da Vinci Code (Abridged Edition)
The Da Vinci Code: (Robert Langdon Book 2)+Angels and Demons: (Robert Langdon Book 1)+Digital Fortress(Set of 3books)
DA VINCI CODE
The Da Vinci Code: A Novel: 2 (Robert Langdon)
The Da Vinci Code
Davinci Code
The Da Vinci Code
World’s Greatest Classics (Box Set of 4 Books)
The Complete Novels of Sherlock Holmes
The Da Vinci Code: (Robert Langdon Book 2)+The Lost Symbol: (Robert Langdon Book 3)(Set of 2books)
The Da Vinci Code Revisited
The Da Vinci Code: Facts and Fallacies at the 92nd Street Y
The Da Vinci Code: The Background Explained
The Da Vinci Code
Fact and Fiction in "The Da Vinci Code"
Secrets of the Code: The Unauthorized Guide to the Mysteries Behind "The Da Vinci Code"
The Da Vinci Code: (Robert Langdon Book 2)+Angels and Demons: (Robert Langdon Book 1)+Deception Point(Set of 3books)
Greatest Tragedies of Shakespeare (Deluxe Hardbound Edition)
War & Peace]]>
  </system-out>
  <testcase classname="com.qa.testscripts.TC_Amazon_003" name="searchItem" time="9.414"/>
  <system-out>
    <![CDATA[Title has the search term
AmazonBasics 6.5 kg Fully-Automatic Top Load Washing Machine (Grey/Black, Full Metal body, LED Display)
AmazonBasics 8 kg Semi-automatic Washing Machine (with Heavy wash function, White/Blue color)
Samsung 6.5 kg Fully-Automatic Top Loading Washing Machine (WA65A4002VS/TL, Imperial Silver, Center Jet Pulsator)
Whirlpool 7 Kg 5 Star Semi-Automatic Top Loading Washing Machine (SUPERB ATOM 7.0, Grey Dazzle, TurboScrub Technology)
Whirlpool 7 Kg 5 Star Royal Fully-Automatic Top Loading Washing Machine (WHITEMAGIC ROYAL 7.0 GENX, Grey, Hard Water Wash)
Panasonic Econavi 8 Kg 5 Star Built-In Heater Fully-Automatic Top Loading Washing Machine (NA-F80V9LRB, Silver, Stain Master+)
Samsung 6.5 Kg 5 Star Inverter Fully-Automatic Top Loading Washing Machine (WA65T4262GG/TL, Light Grey, Wobble technology)
Croma 6.5 kg Semi Automatic Top Load Washing Machine (CRAW2221, White)
LG 8 Kg 5 Star Semi-Automatic Top Loading Washing Machine (P8030SRAZ, Burgundy, Collar Scrubber)
Samsung 6.0 Kg Inverter 5 Star Fully-Automatic Front Loading Washing Machine (WW60R20GLMA/TL, White, Hygiene Steam)
LG 6.5 Kg 5 Star Smart Inverter Fully-Automatic Top Loading Washing Machine (T65SKSF4Z, Middle Free Silver)
Panasonic 6 Kg 5 Star Fully-Automatic Top Loading Washing Machine (NA-F60LF1HRB, Grey)
Panasonic 6.5 kg 5 Star Semi-Automatic Top Loading Washing Machine (NA-W65E5ARB, Blue, Powerful Motor)
Whirlpool 7.5 Kg 5 Star Semi-Automatic Top Loading Washing Machine (ACE 7.5 SUPREME, Grey Dazzle)
Onida 6.5 kg Top Loading Washer Only (WS65WLPT1LR Liliput, Lava Red)
AmazonBasics 6 Place Setting Dishwasher (2021, Silver)
Samsung 6.0 Kg Inverter 5 Star Fully-Automatic Front Loading Washing Machine (WW60R20GLMA/TL, White, Hygiene Steam)
Whirlpool 6 Kg 5 Star Semi-Automatic Top Loading Washing Machine (SUPERB ATOM 60I, Grey Dazzle)
Whirlpool 6 Kg 5 Star Royal Fully-Automatic Top Loading Washing Machine (WHITEMAGIC ROYAL 6.0 GENX, Satin Grey, Hard Water Wash)
Samsung 7.2 kg Semi-Automatic Top Loading Washing Machine (WT725QPNDMP, White and Blue, Center Jet Pulsator)
Godrej 6.2 Kg Fully-Automatic Top Loading Washing Machine (WT EON 620 A Gp Gr, Grey)
LG 7.5 Kg 5 Star Semi-Automatic Top Loading Washing Machine (P7515SRAZ, Burgundy, Roller Jet Pulsator), Large
Samsung 7 Kg 5 Star Inverter Fully-Automatic Top Loading Washing Machine (WA70T4262GS/TL, Imperial Silver, Wobble technology)
Whirlpool 6.5 Kg 5 Star Royal Fully-Automatic Top Loading Washing Machine (WHITEMAGIC ROYAL 6.5 GENX, Grey, Hard Water Wash)
AmazonBasics 6.5 kg Fully-Automatic Top Load Washing Machine (Grey/Black, Full Metal body, LED Display)
Amazon Basics 6 Kg Fully Automatic Top Loading Washing machine
LG 7 kg 5 Star Inverter Fully-Automatic Top Loading Washing Machine (T70SKSF1Z, Middle Free Silver, TurboDrum)
Godrej 6 Kg 5 Star Fully-Automatic Top Loading Washing Machine (WTEON 600 AD 5.0 ROGR, Grey, Acu Wash Drum)
Whirlpool 7.5 Kg Fully-Automatic Top Loading Washing Machine with In-built heater (Stainwash Ultra SC 10 YMW, Grey, Hard Water Wash)
Amazon Basics 6 Kg Fully Automatic Top Loading Washing machine
Croma 6.5 kg Semi Automatic Top Load Washing Machine (CRAW2221, White)]]>
  </system-out>
  <testcase classname="com.qa.testscripts.TC_Amazon_003" name="validateTitle">
    <skipped/>
  </testcase> <!-- validateTitle -->
  <system-out/>
</testsuite> <!-- com.qa.testscripts.TC_Amazon_003 -->
